<?xml version="1.0" encoding="UTF-8"?>
<!-- Generated by org.testng.reporters.JUnitReportReporter -->
<testsuite hostname="DESKTOP-1FLO5NT" failures="0" tests="1" name="com.mk.tests.TestingDriverManager" time="5.322" errors="0" timestamp="2025-01-10T12:11:34 IST" skipped="0">
  <testcase classname="com.mk.tests.TestingDriverManager" name="print" time="5.322"/>
</testsuite> <!-- com.mk.tests.TestingDriverManager -->
