<?xml version="1.0" encoding="UTF-8"?>
<!-- Generated by org.testng.reporters.JUnitReportReporter -->
<testsuite hostname="DESKTOP-1FLO5NT" failures="0" tests="6" name="com.mk.utils.ExcelUtils" time="0.039" errors="0" timestamp="2025-01-11T19:43:23 IST" skipped="0">
  <testcase classname="com.mk.utils.ExcelUtils" name="test" time="0.006"/>
  <testcase classname="com.mk.utils.ExcelUtils" name="test" time="0.007"/>
  <testcase classname="com.mk.utils.ExcelUtils" name="test" time="0.010"/>
  <testcase classname="com.mk.utils.ExcelUtils" name="test" time="0.005"/>
  <testcase classname="com.mk.utils.ExcelUtils" name="test" time="0.007"/>
  <testcase classname="com.mk.utils.ExcelUtils" name="test" time="0.004"/>
</testsuite> <!-- com.mk.utils.ExcelUtils -->
