<?xml version="1.0" encoding="UTF-8"?>
<!-- Generated by org.testng.reporters.JUnitReportReporter -->
<testsuite hostname="DESKTOP-1FLO5NT" failures="0" tests="1" name="com.mk.pratice.BeforeMethodAcceptingDataProviderTrick" time="0.018" errors="0" timestamp="2025-01-14T18:01:48 IST" skipped="0">
  <testcase classname="com.mk.pratice.BeforeMethodAcceptingDataProviderTrick" name="testUsingSampleData" time="0.018"/>
</testsuite> <!-- com.mk.pratice.BeforeMethodAcceptingDataProviderTrick -->
