<?xml version="1.0" encoding="UTF-8"?>
<!-- Generated by org.testng.reporters.JUnitReportReporter -->
<testsuite hostname="DESKTOP-1FLO5NT" failures="0" tests="3" name="com.mk.tests.LoginTest" time="10.835" errors="0" timestamp="2025-01-13T12:54:38 IST" skipped="0">
  <testcase classname="com.mk.tests.LoginTest" name="alphaTest" time="4.077"/>
  <testcase classname="com.mk.tests.LoginTest" name="alphaTest" time="3.431"/>
  <testcase classname="com.mk.tests.LoginTest" name="alphaTest" time="3.327"/>
</testsuite> <!-- com.mk.tests.LoginTest -->
