<?xml version="1.0" encoding="UTF-8"?>
<!-- Generated by org.testng.reporters.JUnitReportReporter -->
<testsuite hostname="DESKTOP-1FLO5NT" failures="0" tests="1" name="com.mk.pratice.TryingOutAssertJ" time="0.020" errors="0" timestamp="2025-01-12T14:51:12 IST" skipped="0">
  <testcase classname="com.mk.pratice.TryingOutAssertJ" name="tryingAssertJ" time="0.020"/>
</testsuite> <!-- com.mk.pratice.TryingOutAssertJ -->
